<?xml version="1.0" encoding="UTF-8"?>
<testng-results ignored="0" total="2" passed="2" failed="0" skipped="0">
  <reporter-output>
  </reporter-output>
  <suite started-at="2021-02-09T11:44:55 PST" name="Surefire suite" finished-at="2021-02-09T11:44:55 PST" duration-ms="58">
    <groups>
    </groups>
    <test started-at="2021-02-09T11:44:55 PST" name="Surefire test" finished-at="2021-02-09T11:44:55 PST" duration-ms="58">
      <class name="Academy.AppTest">
        <test-method signature="shouldAnswerWithFalse()" started-at="2021-02-09T11:44:55 PST" name="shouldAnswerWithFalse" finished-at="2021-02-09T11:44:55 PST" duration-ms="11" status="PASS">
          <reporter-output>
          </reporter-output>
        </test-method> <!-- shouldAnswerWithFalse -->
        <test-method signature="shouldAnswerWithTrue()" started-at="2021-02-09T11:44:55 PST" name="shouldAnswerWithTrue" finished-at="2021-02-09T11:44:55 PST" duration-ms="11" status="PASS">
          <reporter-output>
          </reporter-output>
        </test-method> <!-- shouldAnswerWithTrue -->
      </class> <!-- Academy.AppTest -->
    </test> <!-- Surefire test -->
  </suite> <!-- Surefire suite -->
</testng-results>
