<?xml version="1.0" encoding="UTF-8"?>
<!-- Generated by org.testng.reporters.JUnitXMLReporter -->
<testsuite ignored="1" hostname="LAPTOP-4BD625PF" failures="0" tests="2" name="Test" time="0.046" errors="0" timestamp="2021-02-11T11:49:32 PST">
  <testcase classname="Academy.AppTest" name="shouldAnswerWithTrueTest" time="0.007"/>
  <testcase classname="Academy.HomePageTest" name="basePageNavigation" time="0.0"/>
  <testcase classname="Academy.AppTest" name="shouldAnswerWithFalseTest" time="0.0">
    <ignored/>
  </testcase> <!-- shouldAnswerWithFalseTest -->
</testsuite> <!-- Test -->
