<?xml version="1.0" encoding="UTF-8"?>
<!-- Generated by org.testng.reporters.JUnitXMLReporter -->
<testsuite ignored="0" hostname="LAPTOP-4BD625PF" failures="0" tests="3" name="Surefire test" time="0.034" errors="0" timestamp="2021-02-10T11:49:12 PST">
  <testcase classname="Academy.AppTest" name="shouldAnswerWithFalseTest" time="0.005"/>
  <testcase classname="Academy.AppTest" name="shouldAnswerWithTrueTest" time="0.0"/>
  <testcase classname="Academy.HomePageTest" name="basePageNavigation" time="0.0"/>
</testsuite> <!-- Surefire test -->
