<?xml version="1.0" encoding="UTF-8"?>
<testng-results ignored="0" total="1" passed="1" failed="0" skipped="0">
  <reporter-output>
  </reporter-output>
  <suite started-at="2021-02-09T11:44:55 PST" name="Surefire suite" finished-at="2021-02-09T11:44:55 PST" duration-ms="35">
    <groups>
    </groups>
    <test started-at="2021-02-09T11:44:55 PST" name="Surefire test" finished-at="2021-02-09T11:44:55 PST" duration-ms="35">
      <class name="Academy.HomePageTest">
        <test-method signature="basePageNavigation()[pri:0, instance:Academy.HomePageTest@7e07db1f]" started-at="2021-02-09T11:44:55 PST" name="basePageNavigation" finished-at="2021-02-09T11:44:55 PST" duration-ms="6" status="PASS">
          <reporter-output>
          </reporter-output>
        </test-method> <!-- basePageNavigation -->
      </class> <!-- Academy.HomePageTest -->
    </test> <!-- Surefire test -->
  </suite> <!-- Surefire suite -->
</testng-results>
