<?xml version="1.0" encoding="UTF-8"?>
<testsuite xmlns:xsi="http://www.w3.org/2001/XMLSchema-instance" xsi:noNamespaceSchemaLocation="https://maven.apache.org/surefire/maven-surefire-plugin/xsd/surefire-test-report.xsd" name="Academy.AppTest" time="0.332" tests="2" errors="0" skipped="0" failures="0">
  <properties>
[...]
</properties>
  <testcase name="shouldAnswerWithTrue on shouldAnswerWithTrue(Academy.AppTest)" classname="Academy.AppTest" time="0.002"/>
  <testcase name="shouldAnswerWithFalse on shouldAnswerWithFalse(Academy.AppTest)" classname="Academy.AppTest" time="0"/>
</testsuite>