<?xml version="1.0" encoding="UTF-8"?>
<testng-results ignored="1" total="3" passed="2" failed="0" skipped="0">
  <reporter-output>
  </reporter-output>
  <suite started-at="2021-02-11T11:49:32 PST" name="Resource" finished-at="2021-02-11T11:49:32 PST" duration-ms="46">
    <groups>
    </groups>
    <test started-at="2021-02-11T11:49:32 PST" name="Test" finished-at="2021-02-11T11:49:32 PST" duration-ms="46">
      <class name="Academy.AppTest">
        <test-method signature="shouldAnswerWithTrueTest()[pri:0, instance:Academy.AppTest@368f2016]" started-at="2021-02-11T11:49:32 PST" name="shouldAnswerWithTrueTest" finished-at="2021-02-11T11:49:32 PST" duration-ms="7" status="PASS">
          <reporter-output>
          </reporter-output>
        </test-method> <!-- shouldAnswerWithTrueTest -->
      </class> <!-- Academy.AppTest -->
      <class name="Academy.HomePageTest">
        <test-method signature="basePageNavigation()[pri:0, instance:Academy.HomePageTest@4c583ecf]" started-at="2021-02-11T11:49:32 PST" name="basePageNavigation" finished-at="2021-02-11T11:49:32 PST" duration-ms="0" status="PASS">
          <reporter-output>
          </reporter-output>
        </test-method> <!-- basePageNavigation -->
      </class> <!-- Academy.HomePageTest -->
    </test> <!-- Test -->
  </suite> <!-- Resource -->
</testng-results>
