<?xml version="1.0" encoding="UTF-8"?>
<testng-results ignored="1" total="3" passed="2" failed="0" skipped="0">
  <reporter-output>
  </reporter-output>
  <suite started-at="2021-02-10T10:15:15 PST" name="Resource" finished-at="2021-02-10T10:15:15 PST" duration-ms="50">
    <groups>
    </groups>
    <test started-at="2021-02-10T10:15:15 PST" name="Test" finished-at="2021-02-10T10:15:15 PST" duration-ms="50">
      <class name="Academy.AppTest">
        <test-method signature="shouldAnswerWithFalseTest()[pri:0, instance:Academy.AppTest@7748410a]" started-at="2021-02-10T10:15:15 PST" name="shouldAnswerWithFalseTest" finished-at="2021-02-10T10:15:15 PST" duration-ms="8" status="PASS">
          <reporter-output>
          </reporter-output>
        </test-method> <!-- shouldAnswerWithFalseTest -->
      </class> <!-- Academy.AppTest -->
      <class name="Academy.HomePageTest">
        <test-method signature="basePageNavigation()[pri:0, instance:Academy.HomePageTest@740773a3]" started-at="2021-02-10T10:15:15 PST" name="basePageNavigation" finished-at="2021-02-10T10:15:15 PST" duration-ms="1" status="PASS">
          <reporter-output>
          </reporter-output>
        </test-method> <!-- basePageNavigation -->
      </class> <!-- Academy.HomePageTest -->
    </test> <!-- Test -->
  </suite> <!-- Resource -->
</testng-results>
