<?xml version="1.0" encoding="UTF-8"?>
<!-- Generated by org.testng.reporters.JUnitXMLReporter -->
<testsuite ignored="0" hostname="LAPTOP-4BD625PF" failures="0" tests="2" name="Surefire test" time="0.058" errors="0" timestamp="2021-02-09T11:44:55 PST">
  <testcase classname="Academy.AppTest" name="shouldAnswerWithTrue on shouldAnswerWithTrue(Academy.AppTest)" time="0.011"/>
  <testcase classname="Academy.AppTest" name="shouldAnswerWithFalse on shouldAnswerWithFalse(Academy.AppTest)" time="0.011"/>
</testsuite> <!-- Surefire test -->
