<?xml version="1.0" encoding="UTF-8"?>
<!-- Generated by org.testng.reporters.JUnitXMLReporter -->
<testsuite ignored="1" hostname="LAPTOP-4BD625PF" failures="0" tests="2" name="Test" time="0.05" errors="0" timestamp="2021-02-10T10:15:15 PST">
  <testcase classname="Academy.AppTest" name="shouldAnswerWithFalseTest" time="0.008"/>
  <testcase classname="Academy.HomePageTest" name="basePageNavigation" time="0.001"/>
  <testcase classname="Academy.AppTest" name="shouldAnswerWithTrueTest" time="0.0">
    <ignored/>
  </testcase> <!-- shouldAnswerWithTrueTest -->
</testsuite> <!-- Test -->
